# Logfile created on 2015-02-05 20:53:55 +0530 by logger.rb/44203
D, [2015-02-05T21:35:42.415977 #4688] DEBUG -- : [Braintree] [05/Feb/2015 16:05:42 UTC] POST /transactions
D, [2015-02-05T21:35:42.416374 #4688] DEBUG -- : [Braintree] <?xml version="1.0" encoding="UTF-8"?>
[Braintree] <transaction>
[Braintree]   <amount>200.0</amount>
[Braintree]   <credit-card>
[Braintree]     <number>4005 5******0004</number>
[Braintree]     <expiration-date>5/2020</expiration-date>
[Braintree]   </credit-card>
[Braintree]   <options>
[Braintree]     <store-in-vault type="boolean">true</store-in-vault>
[Braintree]   </options>
[Braintree]   <type>sale</type>
[Braintree] </transaction>

I, [2015-02-05T21:35:43.354291 #4688]  INFO -- : [Braintree] [05/Feb/2015 16:05:43 UTC] POST /transactions 201
D, [2015-02-05T21:35:43.354490 #4688] DEBUG -- : [Braintree] [05/Feb/2015 16:05:43 UTC] 201 Created
D, [2015-02-05T21:35:43.355972 #4688] DEBUG -- : [Braintree] <?xml version="1.0" encoding="UTF-8"?>
[Braintree] <transaction>
[Braintree]   <id>dbqf64</id>
[Braintree]   <status>authorized</status>
[Braintree]   <type>sale</type>
[Braintree]   <currency-iso-code>USD</currency-iso-code>
[Braintree]   <amount>200.00</amount>
[Braintree]   <merchant-account-id>swqt6zn4s3sxkxb2</merchant-account-id>
[Braintree]   <order-id nil="true"/>
[Braintree]   <created-at type="datetime">2015-02-05T16:05:42Z</created-at>
[Braintree]   <updated-at type="datetime">2015-02-05T16:05:43Z</updated-at>
[Braintree]   <customer>
[Braintree]     <id>85105424</id>
[Braintree]     <first-name nil="true"/>
[Braintree]     <last-name nil="true"/>
[Braintree]     <company nil="true"/>
[Braintree]     <email nil="true"/>
[Braintree]     <website nil="true"/>
[Braintree]     <phone nil="true"/>
[Braintree]     <fax nil="true"/>
[Braintree]   </customer>
[Braintree]   <billing>
[Braintree]     <id nil="true"/>
[Braintree]     <first-name nil="true"/>
[Braintree]     <last-name nil="true"/>
[Braintree]     <company nil="true"/>
[Braintree]     <street-address nil="true"/>
[Braintree]     <extended-address nil="true"/>
[Braintree]     <locality nil="true"/>
[Braintree]     <region nil="true"/>
[Braintree]     <postal-code nil="true"/>
[Braintree]     <country-name nil="true"/>
[Braintree]     <country-code-alpha2 nil="true"/>
[Braintree]     <country-code-alpha3 nil="true"/>
[Braintree]     <country-code-numeric nil="true"/>
[Braintree]   </billing>
[Braintree]   <refund-id nil="true"/>
[Braintree]   <refund-ids type="array"/>
[Braintree]   <refunded-transaction-id nil="true"/>
[Braintree]   <settlement-batch-id nil="true"/>
[Braintree]   <shipping>
[Braintree]     <id nil="true"/>
[Braintree]     <first-name nil="true"/>
[Braintree]     <last-name nil="true"/>
[Braintree]     <company nil="true"/>
[Braintree]     <street-address nil="true"/>
[Braintree]     <extended-address nil="true"/>
[Braintree]     <locality nil="true"/>
[Braintree]     <region nil="true"/>
[Braintree]     <postal-code nil="true"/>
[Braintree]     <country-name nil="true"/>
[Braintree]     <country-code-alpha2 nil="true"/>
[Braintree]     <country-code-alpha3 nil="true"/>
[Braintree]     <country-code-numeric nil="true"/>
[Braintree]   </shipping>
[Braintree]   <custom-fields/>
[Braintree]   <avs-error-response-code nil="true"/>
[Braintree]   <avs-postal-code-response-code>I</avs-postal-code-response-code>
[Braintree]   <avs-street-address-response-code>I</avs-street-address-response-code>
[Braintree]   <cvv-response-code>I</cvv-response-code>
[Braintree]   <gateway-rejection-reason nil="true"/>
[Braintree]   <processor-authorization-code>TRQDX3</processor-authorization-code>
[Braintree]   <processor-response-code>1000</processor-response-code>
[Braintree]   <processor-response-text>Approved</processor-response-text>
[Braintree]   <additional-processor-response nil="true"/>
[Braintree]   <voice-referral-number nil="true"/>
[Braintree]   <purchase-order-number nil="true"/>
[Braintree]   <tax-amount nil="true"/>
[Braintree]   <tax-exempt type="boolean">false</tax-exempt>
[Braintree]   <credit-card>
[Braintree]     <token>drbmsg</token>
[Braintree]     <bin>400551</bin>
[Braintree]     <last-4>0004</last-4>
[Braintree]     <card-type>Visa</card-type>
[Braintree]     <expiration-month>05</expiration-month>
[Braintree]     <expiration-year>2020</expiration-year>
[Braintree]     <customer-location>US</customer-location>
[Braintree]     <cardholder-name nil="true"/>
[Braintree]     <image-url>https://assets.braintreegateway.com/payment_method_logo/visa.png?environment=sandbox</image-url>
[Braintree]     <unique-number-identifier>282d894ee78ace5a52ed0e365be08466</unique-number-identifier>
[Braintree]     <prepaid>No</prepaid>
[Braintree]     <healthcare>Unknown</healthcare>
[Braintree]     <debit>Yes</debit>
[Braintree]     <durbin-regulated>Yes</durbin-regulated>
[Braintree]     <commercial>Unknown</commercial>
[Braintree]     <payroll>Unknown</payroll>
[Braintree]     <issuing-bank>Unknown</issuing-bank>
[Braintree]     <country-of-issuance>USA</country-of-issuance>
[Braintree]     <product-id>Unknown</product-id>
[Braintree]     <venmo-sdk type="boolean">false</venmo-sdk>
[Braintree]   </credit-card>
[Braintree]   <status-history type="array">
[Braintree]     <status-event>
[Braintree]       <timestamp type="datetime">2015-02-05T16:05:42Z</timestamp>
[Braintree]       <status>authorized</status>
[Braintree]       <amount>200.00</amount>
[Braintree]       <user>binbee13</user>
[Braintree]       <transaction-source>api</transaction-source>
[Braintree]     </status-event>
[Braintree]   </status-history>
[Braintree]   <plan-id nil="true"/>
[Braintree]   <subscription-id nil="true"/>
[Braintree]   <subscription>
[Braintree]     <billing-period-end-date nil="true"/>
[Braintree]     <billing-period-start-date nil="true"/>
[Braintree]   </subscription>
[Braintree]   <add-ons type="array"/>
[Braintree]   <discounts type="array"/>
[Braintree]   <descriptor>
[Braintree]     <name nil="true"/>
[Braintree]     <phone nil="true"/>
[Braintree]     <url nil="true"/>
[Braintree]   </descriptor>
[Braintree]   <recurring type="boolean">false</recurring>
[Braintree]   <channel nil="true"/>
[Braintree]   <service-fee-amount nil="true"/>
[Braintree]   <escrow-status nil="true"/>
[Braintree]   <disbursement-details>
[Braintree]     <disbursement-date nil="true"/>
[Braintree]     <settlement-amount nil="true"/>
[Braintree]     <settlement-currency-iso-code nil="true"/>
[Braintree]     <settlement-currency-exchange-rate nil="true"/>
[Braintree]     <funds-held nil="true"/>
[Braintree]     <success nil="true"/>
[Braintree]   </disbursement-details>
[Braintree]   <disputes type="array"/>
[Braintree]   <payment-instrument-type>credit_card</payment-instrument-type>
[Braintree]   <processor-settlement-response-code></processor-settlement-response-code>
[Braintree]   <processor-settlement-response-text></processor-settlement-response-text>
[Braintree] </transaction>

D, [2015-02-05T21:39:13.319964 #4688] DEBUG -- : [Braintree] [05/Feb/2015 16:09:13 UTC] POST /transactions
D, [2015-02-05T21:39:13.320343 #4688] DEBUG -- : [Braintree] <?xml version="1.0" encoding="UTF-8"?>
[Braintree] <transaction>
[Braintree]   <amount>200.0</amount>
[Braintree]   <credit-card>
[Braintree]     <number>4009 3******1881</number>
[Braintree]     <expiration-date>5/2019</expiration-date>
[Braintree]   </credit-card>
[Braintree]   <options>
[Braintree]     <store-in-vault type="boolean">true</store-in-vault>
[Braintree]   </options>
[Braintree]   <type>sale</type>
[Braintree] </transaction>

I, [2015-02-05T21:39:14.341341 #4688]  INFO -- : [Braintree] [05/Feb/2015 16:09:14 UTC] POST /transactions 201
D, [2015-02-05T21:39:14.341547 #4688] DEBUG -- : [Braintree] [05/Feb/2015 16:09:14 UTC] 201 Created
D, [2015-02-05T21:39:14.342813 #4688] DEBUG -- : [Braintree] <?xml version="1.0" encoding="UTF-8"?>
[Braintree] <transaction>
[Braintree]   <id>ds3qtd</id>
[Braintree]   <status>authorized</status>
[Braintree]   <type>sale</type>
[Braintree]   <currency-iso-code>USD</currency-iso-code>
[Braintree]   <amount>200.00</amount>
[Braintree]   <merchant-account-id>swqt6zn4s3sxkxb2</merchant-account-id>
[Braintree]   <order-id nil="true"/>
[Braintree]   <created-at type="datetime">2015-02-05T16:09:13Z</created-at>
[Braintree]   <updated-at type="datetime">2015-02-05T16:09:13Z</updated-at>
[Braintree]   <customer>
[Braintree]     <id>50033141</id>
[Braintree]     <first-name nil="true"/>
[Braintree]     <last-name nil="true"/>
[Braintree]     <company nil="true"/>
[Braintree]     <email nil="true"/>
[Braintree]     <website nil="true"/>
[Braintree]     <phone nil="true"/>
[Braintree]     <fax nil="true"/>
[Braintree]   </customer>
[Braintree]   <billing>
[Braintree]     <id nil="true"/>
[Braintree]     <first-name nil="true"/>
[Braintree]     <last-name nil="true"/>
[Braintree]     <company nil="true"/>
[Braintree]     <street-address nil="true"/>
[Braintree]     <extended-address nil="true"/>
[Braintree]     <locality nil="true"/>
[Braintree]     <region nil="true"/>
[Braintree]     <postal-code nil="true"/>
[Braintree]     <country-name nil="true"/>
[Braintree]     <country-code-alpha2 nil="true"/>
[Braintree]     <country-code-alpha3 nil="true"/>
[Braintree]     <country-code-numeric nil="true"/>
[Braintree]   </billing>
[Braintree]   <refund-id nil="true"/>
[Braintree]   <refund-ids type="array"/>
[Braintree]   <refunded-transaction-id nil="true"/>
[Braintree]   <settlement-batch-id nil="true"/>
[Braintree]   <shipping>
[Braintree]     <id nil="true"/>
[Braintree]     <first-name nil="true"/>
[Braintree]     <last-name nil="true"/>
[Braintree]     <company nil="true"/>
[Braintree]     <street-address nil="true"/>
[Braintree]     <extended-address nil="true"/>
[Braintree]     <locality nil="true"/>
[Braintree]     <region nil="true"/>
[Braintree]     <postal-code nil="true"/>
[Braintree]     <country-name nil="true"/>
[Braintree]     <country-code-alpha2 nil="true"/>
[Braintree]     <country-code-alpha3 nil="true"/>
[Braintree]     <country-code-numeric nil="true"/>
[Braintree]   </shipping>
[Braintree]   <custom-fields/>
[Braintree]   <avs-error-response-code nil="true"/>
[Braintree]   <avs-postal-code-response-code>I</avs-postal-code-response-code>
[Braintree]   <avs-street-address-response-code>I</avs-street-address-response-code>
[Braintree]   <cvv-response-code>I</cvv-response-code>
[Braintree]   <gateway-rejection-reason nil="true"/>
[Braintree]   <processor-authorization-code>PCT7Y0</processor-authorization-code>
[Braintree]   <processor-response-code>1000</processor-response-code>
[Braintree]   <processor-response-text>Approved</processor-response-text>
[Braintree]   <additional-processor-response nil="true"/>
[Braintree]   <voice-referral-number nil="true"/>
[Braintree]   <purchase-order-number nil="true"/>
[Braintree]   <tax-amount nil="true"/>
[Braintree]   <tax-exempt type="boolean">false</tax-exempt>
[Braintree]   <credit-card>
[Braintree]     <token>hmhnv6</token>
[Braintree]     <bin>400934</bin>
[Braintree]     <last-4>1881</last-4>
[Braintree]     <card-type>Visa</card-type>
[Braintree]     <expiration-month>05</expiration-month>
[Braintree]     <expiration-year>2019</expiration-year>
[Braintree]     <customer-location>US</customer-location>
[Braintree]     <cardholder-name nil="true"/>
[Braintree]     <image-url>https://assets.braintreegateway.com/payment_method_logo/visa.png?environment=sandbox</image-url>
[Braintree]     <unique-number-identifier>c692c45a200cff05bb545dd757fd5c0f</unique-number-identifier>
[Braintree]     <prepaid>Unknown</prepaid>
[Braintree]     <healthcare>Unknown</healthcare>
[Braintree]     <debit>Unknown</debit>
[Braintree]     <durbin-regulated>Unknown</durbin-regulated>
[Braintree]     <commercial>Unknown</commercial>
[Braintree]     <payroll>Unknown</payroll>
[Braintree]     <issuing-bank>Unknown</issuing-bank>
[Braintree]     <country-of-issuance>Unknown</country-of-issuance>
[Braintree]     <product-id>Unknown</product-id>
[Braintree]     <venmo-sdk type="boolean">false</venmo-sdk>
[Braintree]   </credit-card>
[Braintree]   <status-history type="array">
[Braintree]     <status-event>
[Braintree]       <timestamp type="datetime">2015-02-05T16:09:13Z</timestamp>
[Braintree]       <status>authorized</status>
[Braintree]       <amount>200.00</amount>
[Braintree]       <user>binbee13</user>
[Braintree]       <transaction-source>api</transaction-source>
[Braintree]     </status-event>
[Braintree]   </status-history>
[Braintree]   <plan-id nil="true"/>
[Braintree]   <subscription-id nil="true"/>
[Braintree]   <subscription>
[Braintree]     <billing-period-end-date nil="true"/>
[Braintree]     <billing-period-start-date nil="true"/>
[Braintree]   </subscription>
[Braintree]   <add-ons type="array"/>
[Braintree]   <discounts type="array"/>
[Braintree]   <descriptor>
[Braintree]     <name nil="true"/>
[Braintree]     <phone nil="true"/>
[Braintree]     <url nil="true"/>
[Braintree]   </descriptor>
[Braintree]   <recurring type="boolean">false</recurring>
[Braintree]   <channel nil="true"/>
[Braintree]   <service-fee-amount nil="true"/>
[Braintree]   <escrow-status nil="true"/>
[Braintree]   <disbursement-details>
[Braintree]     <disbursement-date nil="true"/>
[Braintree]     <settlement-amount nil="true"/>
[Braintree]     <settlement-currency-iso-code nil="true"/>
[Braintree]     <settlement-currency-exchange-rate nil="true"/>
[Braintree]     <funds-held nil="true"/>
[Braintree]     <success nil="true"/>
[Braintree]   </disbursement-details>
[Braintree]   <disputes type="array"/>
[Braintree]   <payment-instrument-type>credit_card</payment-instrument-type>
[Braintree]   <processor-settlement-response-code></processor-settlement-response-code>
[Braintree]   <processor-settlement-response-text></processor-settlement-response-text>
[Braintree] </transaction>

D, [2015-02-05T21:43:43.365689 #4688] DEBUG -- : [Braintree] [05/Feb/2015 16:13:43 UTC] POST /transactions
D, [2015-02-05T21:43:43.366931 #4688] DEBUG -- : [Braintree] <?xml version="1.0" encoding="UTF-8"?>
[Braintree] <transaction>
[Braintree]   <amount nil="true"/>
[Braintree]   <credit-card>
[Braintree]     <number>4012 0******7777</number>
[Braintree]     <expiration-date>5/2018</expiration-date>
[Braintree]   </credit-card>
[Braintree]   <options>
[Braintree]     <store-in-vault type="boolean">true</store-in-vault>
[Braintree]   </options>
[Braintree]   <type>sale</type>
[Braintree] </transaction>

I, [2015-02-05T21:43:43.872705 #4688]  INFO -- : [Braintree] [05/Feb/2015 16:13:43 UTC] POST /transactions 422
D, [2015-02-05T21:43:43.873818 #4688] DEBUG -- : [Braintree] [05/Feb/2015 16:13:43 UTC] 422 Unprocessable Entity
D, [2015-02-05T21:43:43.875068 #4688] DEBUG -- : [Braintree] <?xml version="1.0" encoding="UTF-8"?>
[Braintree] <api-error-response>
[Braintree]   <errors>
[Braintree]     <errors type="array"/>
[Braintree]     <transaction>
[Braintree]       <errors type="array">
[Braintree]         <error>
[Braintree]           <code>81502</code>
[Braintree]           <attribute type="symbol">amount</attribute>
[Braintree]           <message>Amount is required.</message>
[Braintree]         </error>
[Braintree]       </errors>
[Braintree]       <credit-card>
[Braintree]         <errors type="array"/>
[Braintree]       </credit-card>
[Braintree]     </transaction>
[Braintree]   </errors>
[Braintree]   <params>
[Braintree]     <transaction>
[Braintree]       <amount nil="true"/>
[Braintree]       <credit-card>
[Braintree]         <expiration-date>5/2018</expiration-date>
[Braintree]       </credit-card>
[Braintree]       <options>
[Braintree]         <store-in-vault>true</store-in-vault>
[Braintree]       </options>
[Braintree]       <type>sale</type>
[Braintree]     </transaction>
[Braintree]   </params>
[Braintree]   <message>Amount is required.</message>
[Braintree] </api-error-response>

